<?xml version="1.0" encoding="UTF-8"?>
<testng-results skipped="0" failed="0" ignored="0" total="3" passed="3">
  <reporter-output>
  </reporter-output>
  <suite name="Default suite" duration-ms="35212" started-at="2018-09-23T16:00:43Z" finished-at="2018-09-23T16:01:18Z">
    <groups>
    </groups>
    <test name="Default test" duration-ms="35212" started-at="2018-09-23T16:00:43Z" finished-at="2018-09-23T16:01:18Z">
      <class name="crm.Abc">
        <test-method status="PASS" signature="setup()[pri:0, instance:crm.Abc@77ec78b9]" name="setup" duration-ms="11380" started-at="2018-09-23T16:00:43Z" finished-at="2018-09-23T16:00:55Z">
          <reporter-output>
          </reporter-output>
        </test-method> <!-- setup -->
      </class> <!-- crm.Abc -->
      <class name="crm.TestNgBasics">
        <test-method status="PASS" signature="Browser()[pri:0, instance:crm.TestNgBasics@1a3869f4]" name="Browser" duration-ms="11175" started-at="2018-09-23T16:00:55Z" finished-at="2018-09-23T16:01:06Z">
          <reporter-output>
          </reporter-output>
        </test-method> <!-- Browser -->
        <test-method status="PASS" signature="Login()[pri:0, instance:crm.TestNgBasics@1a3869f4]" name="Login" duration-ms="11573" started-at="2018-09-23T16:01:06Z" finished-at="2018-09-23T16:01:17Z">
          <reporter-output>
          </reporter-output>
        </test-method> <!-- Login -->
        <test-method status="PASS" signature="teardown()[pri:0, instance:crm.TestNgBasics@1a3869f4]" name="teardown" is-config="true" duration-ms="1042" started-at="2018-09-23T16:01:17Z" finished-at="2018-09-23T16:01:18Z">
          <reporter-output>
          </reporter-output>
        </test-method> <!-- teardown -->
      </class> <!-- crm.TestNgBasics -->
    </test> <!-- Default test -->
  </suite> <!-- Default suite -->
</testng-results>
